<?xml version="1.0" encoding="UTF-8"?>
<testsuite xmlns:xsi="http://www.w3.org/2001/XMLSchema-instance" xsi:noNamespaceSchemaLocation="https://maven.apache.org/surefire/maven-surefire-plugin/xsd/surefire-test-report.xsd" version="3.0.2" name="com.hopeful117.cv_analyzer.CvAnalyzerApplicationTests" time="2.284" tests="1" errors="0" skipped="0" failures="0" flakes="0">
  <properties>
[...]
</properties>
  <testcase name="contextLoads" classname="com.hopeful117.cv_analyzer.CvAnalyzerApplicationTests" time="0.583">
    <system-out><![CDATA[09:28:28.329 [main] INFO org.springframework.test.context.support.AnnotationConfigContextLoaderUtils -- Could not detect default configuration classes for test class [com.hopeful117.cv_analyzer.CvAnalyzerApplicationTests]: CvAnalyzerApplicationTests does not declare any static, non-private, non-final, nested classes annotated with @Configuration.
09:28:28.419 [main] INFO org.springframework.boot.test.context.SpringBootTestContextBootstrapper -- Found @SpringBootConfiguration com.hopeful117.cv_analyzer.CvAnalyzerApplication for test class com.hopeful117.cv_analyzer.CvAnalyzerApplicationTests
09:28:28.518 [main] INFO org.springframework.test.context.support.AnnotationConfigContextLoaderUtils -- Could not detect default configuration classes for test class [com.hopeful117.cv_analyzer.CvAnalyzerApplicationTests]: CvAnalyzerApplicationTests does not declare any static, non-private, non-final, nested classes annotated with @Configuration.
09:28:28.521 [main] INFO org.springframework.boot.test.context.SpringBootTestContextBootstrapper -- Found @SpringBootConfiguration com.hopeful117.cv_analyzer.CvAnalyzerApplication for test class com.hopeful117.cv_analyzer.CvAnalyzerApplicationTests

  .   ____          _            __ _ _
 /\\ / ___'_ __ _ _(_)_ __  __ _ \ \ \ \
( ( )\___ | '_ | '_| | '_ \/ _` | \ \ \ \
 \\/  ___)| |_)| | | | | || (_| |  ) ) ) )
  '  |____| .__|_| |_|_| |_\__, | / / / /
 =========|_|==============|___/=/_/_/_/

 :: Spring Boot ::                (v4.0.6)

2026-04-28T09:28:28.843+02:00  INFO 2872163 --- [cv-analyzer] [           main] c.h.c.CvAnalyzerApplicationTests         : Starting CvAnalyzerApplicationTests using Java 21.0.10 with PID 2872163 (started by ludo in /home/ludo/Bureau/cv-analyzer)
2026-04-28T09:28:28.844+02:00  INFO 2872163 --- [cv-analyzer] [           main] c.h.c.CvAnalyzerApplicationTests         : No active profile set, falling back to 1 default profile: "default"
2026-04-28T09:28:29.861+02:00  INFO 2872163 --- [cv-analyzer] [           main] c.h.c.CvAnalyzerApplicationTests         : Started CvAnalyzerApplicationTests in 1.274 seconds (process running for 2.221)
]]></system-out>
    <system-err><![CDATA[Mockito is currently self-attaching to enable the inline-mock-maker. This will no longer work in future releases of the JDK. Please add Mockito as an agent to your build as described in Mockito's documentation: https://javadoc.io/doc/org.mockito/mockito-core/latest/org.mockito/org/mockito/Mockito.html#0.3
WARNING: A Java agent has been loaded dynamically (/home/ludo/.m2/repository/net/bytebuddy/byte-buddy-agent/1.17.8/byte-buddy-agent-1.17.8.jar)
WARNING: If a serviceability tool is in use, please run with -XX:+EnableDynamicAgentLoading to hide this warning
WARNING: If a serviceability tool is not in use, please run with -Djdk.instrument.traceUsage for more information
WARNING: Dynamic loading of agents will be disallowed by default in a future release
]]></system-err>
  </testcase>
</testsuite>